10/12/2021 12:26:52: Sync.Pontotrack, Sync2 Criar Lead no ERP SGR ou SGA quando ganho no Moskit iniciado...
10/12/2021 12:27:57: Sync.Pontotrack, Sync2 Criar Lead no ERP SGR ou SGA quando ganho no Moskit iniciado...
10/12/2021 12:29:39: Sync.Pontotrack, Sync2 Criar Lead no ERP SGR ou SGA quando ganho no Moskit iniciado...
10/12/2021 12:29:41: Sync.Pontotrack, {"mensagem":"Acesso n\u00e3o autorizado. Verique seu token de acesso","error":"Tipo de autentica\u00e7\u00e3o incorreto {Bearer}"}    em Khronus.Framework.Integration.Sga.AssociadoService.GetByCpf(String cpf)
   em Sync.Custom.Worker.Sync2(String name)
10/12/2021 12:29:42: Sync.Pontotrack, Sync2 Criar Lead no ERP SGR ou SGA quando ganho no Moskit finalizado...
10/12/2021 12:30:04: Sync.Pontotrack, {"mensagem":"Acesso n\u00e3o autorizado. Verique seu token de acesso","error":"Tipo de autentica\u00e7\u00e3o incorreto {Bearer}"}    em Khronus.Framework.Integration.Sga.AssociadoService.GetByCpf(String cpf)
   em Sync.Custom.Worker.Sync2(String name)
10/12/2021 12:30:35: Sync.Pontotrack, Sync2 Criar Lead no ERP SGR ou SGA quando ganho no Moskit iniciado...
10/12/2021 12:33:03: Sync.Pontotrack, O valor especificado possui caracteres de Cabeçalho HTTP inválidos.
Nome do parâmetro: name    em System.Net.WebHeaderCollection.CheckBadChars(String name, Boolean isHeaderValue)
   em System.Net.WebHeaderCollection.Add(String name, String value)
   em Khronus.Framework.Integration.Sga.AssociadoService.GetByCpf(String cpf)
   em Sync.Custom.Worker.Sync2(String name)
10/12/2021 12:33:03: Sync.Pontotrack, O valor especificado possui caracteres de Cabeçalho HTTP inválidos.
Nome do parâmetro: name    em System.Net.WebHeaderCollection.CheckBadChars(String name, Boolean isHeaderValue)
   em System.Net.WebHeaderCollection.Add(String name, String value)
   em Khronus.Framework.Integration.Sga.AssociadoService.GetByCpf(String cpf)
   em Sync.Custom.Worker.Sync2(String name)
10/12/2021 12:33:04: Sync.Pontotrack, Sync2 Criar Lead no ERP SGR ou SGA quando ganho no Moskit finalizado...
10/12/2021 12:33:42: Sync.Pontotrack, O valor especificado possui caracteres de Cabeçalho HTTP inválidos.
Nome do parâmetro: name    em System.Net.WebHeaderCollection.CheckBadChars(String name, Boolean isHeaderValue)
   em System.Net.WebHeaderCollection.Add(String name, String value)
   em Khronus.Framework.Integration.Sga.AssociadoService.GetByCpf(String cpf)
   em Sync.Custom.Worker.Sync2(String name)
10/12/2021 12:34:15: Sync.Pontotrack, Sync2 Criar Lead no ERP SGR ou SGA quando ganho no Moskit iniciado...
10/12/2021 12:36:36: Sync.Pontotrack,     {"mensagem":"N\u00e3o aceit\u00e1vel","error":["Associado n\u00e3o encontrado ou est\u00e1 em alguma situa\u00e7\u00e3o indispon\u00edvel para consulta."]}    em Khronus.Framework.Integration.Sga.AssociadoService.GetByCpf(String cpf)
   em Sync.Custom.Worker.Sync2(String name)
10/12/2021 12:36:52: Sync.Pontotrack, Sync2 Criar Lead no ERP SGR ou SGA quando ganho no Moskit finalizado...
10/12/2021 12:36:56: Sync.Pontotrack, Sync2 Criar Lead no ERP SGR ou SGA quando ganho no Moskit iniciado...
10/12/2021 12:44:37: Sync.Pontotrack, Sync2 Criar Lead no ERP SGR ou SGA quando ganho no Moskit iniciado...
10/12/2021 12:44:49: Sync.Pontotrack,     {"mensagem":"N\u00e3o aceit\u00e1vel","error":["Associado n\u00e3o encontrado ou est\u00e1 em alguma situa\u00e7\u00e3o indispon\u00edvel para consulta."]}    em Khronus.Framework.Integration.Sga.AssociadoService.GetByCpf(String cpf) na D:\Deptos\Dev\VSISolucoes\Khronus.Framework\Net\v2.5.5\Integration\Framework\Integration\Sga\AssociadoService.cs:linha 107
   em Sync.Custom.Worker.Sync2(String name) na D:\Deptos\Dev\Clientes\Pontotrack\Projetos\Sync\Sync.Custom\Worker.cs:linha 170
10/12/2021 12:46:07: Sync.Pontotrack,     {"mensagem":"N\u00e3o aceit\u00e1vel","error":["Associado n\u00e3o encontrado ou est\u00e1 em alguma situa\u00e7\u00e3o indispon\u00edvel para consulta."]}    em Khronus.Framework.Integration.Sga.AssociadoService.GetByCpf(String cpf) na D:\Deptos\Dev\VSISolucoes\Khronus.Framework\Net\v2.5.5\Integration\Framework\Integration\Sga\AssociadoService.cs:linha 107
   em Sync.Custom.Worker.Sync2(String name) na D:\Deptos\Dev\Clientes\Pontotrack\Projetos\Sync\Sync.Custom\Worker.cs:linha 170
10/12/2021 12:46:16: Sync.Pontotrack, Sync2 Criar Lead no ERP SGR ou SGA quando ganho no Moskit finalizado...
10/12/2021 12:47:00: Sync.Pontotrack, Sync2 Criar Lead no ERP SGR ou SGA quando ganho no Moskit iniciado...
10/12/2021 12:53:04: Sync.Pontotrack, Sync2 Criar Lead no ERP SGR ou SGA quando ganho no Moskit iniciado...
10/12/2021 12:53:14: Sync.Pontotrack,     {"mensagem":"N\u00e3o aceit\u00e1vel","error":["Associado n\u00e3o encontrado ou est\u00e1 em alguma situa\u00e7\u00e3o indispon\u00edvel para consulta."]}    em Khronus.Framework.Integration.Sga.AssociadoService.GetByCpf(String cpf) na D:\Deptos\Dev\VSISolucoes\Khronus.Framework\Net\v2.5.5\Integration\Framework\Integration\Sga\AssociadoService.cs:linha 106
   em Sync.Custom.Worker.Sync2(String name) na D:\Deptos\Dev\Clientes\Pontotrack\Projetos\Sync\Sync.Custom\Worker.cs:linha 170
10/12/2021 12:53:51: Sync.Pontotrack,     {"mensagem":"N\u00e3o aceit\u00e1vel","error":["Associado n\u00e3o encontrado ou est\u00e1 em alguma situa\u00e7\u00e3o indispon\u00edvel para consulta."]}    em Khronus.Framework.Integration.Sga.AssociadoService.GetByCpf(String cpf) na D:\Deptos\Dev\VSISolucoes\Khronus.Framework\Net\v2.5.5\Integration\Framework\Integration\Sga\AssociadoService.cs:linha 106
   em Sync.Custom.Worker.Sync2(String name) na D:\Deptos\Dev\Clientes\Pontotrack\Projetos\Sync\Sync.Custom\Worker.cs:linha 170
10/12/2021 12:56:01: Sync.Pontotrack, {"mensagem":"Acesso n\u00e3o autorizado. Verique seu token de acesso","error":"Par\u00e2metro Authorization incorreto"}    em Khronus.Framework.Integration.Sga.AssociadoService.GetByCpf(String cpf)
   em Sync.Custom.Worker.Sync2(String name) na D:\Deptos\Dev\Clientes\Pontotrack\Projetos\Sync\Sync.Custom\Worker.cs:linha 170
14/12/2021 09:20:03: Sync.Pontotrack, Sync2 Criar Lead no ERP SGR ou SGA quando ganho no Moskit iniciado...
14/12/2021 09:20:06: Sync.Pontotrack, {"message":"API rate limit exceeded"}    em Khronus.Framework.Integration.Moskit.ContactService.Get(Object id) na D:\Deptos\Dev\VSISolucoes\Khronus.Framework\Net\v2.5.5\Integration\Framework\Integration\Moskit\ContactService.cs:linha 165
   em Sync.Custom.Worker.Sync2(String name) na C:\Deptos\Dev\Clientes\Pontotrack\pontotrack\Sync\Sync.Custom\Worker.cs:linha 166
14/12/2021 09:20:06: Sync.Pontotrack, Sync2 Criar Lead no ERP SGR ou SGA quando ganho no Moskit finalizado...
14/12/2021 09:21:33: Sync.Pontotrack, Sync2 Criar Lead no ERP SGR ou SGA quando ganho no Moskit iniciado...
14/12/2021 09:22:20: Sync.Pontotrack, Referência de objeto não definida para uma instância de um objeto.    em Sync.Custom.Worker.Sync2(String name) na D:\Deptos\Dev\Clientes\Pontotrack\Projetos\Sync\Sync.Custom\Worker.cs:linha 271
